<?xml version="1.0" encoding="utf-8"?><testsuites name="pytest tests"><testsuite name="pytest" errors="0" failures="0" skipped="0" tests="21" time="2.678" timestamp="2026-05-26T12:38:08.538497+00:00" hostname="agent-env-cf43e0d8-132d-499c-9bb8-0703f285cbde"><testcase classname="backend.tests.backend_test.TestHealthConfig" name="test_root" time="0.163" /><testcase classname="backend.tests.backend_test.TestHealthConfig" name="test_config" time="0.050" /><testcase classname="backend.tests.backend_test.TestAuth" name="test_signup_creates_user" time="0.335" /><testcase classname="backend.tests.backend_test.TestAuth" name="test_duplicate_signup_rejected" time="0.049" /><testcase classname="backend.tests.backend_test.TestAuth" name="test_admin_login_role" time="0.271" /><testcase classname="backend.tests.backend_test.TestAuth" name="test_login_invalid" time="0.287" /><testcase classname="backend.tests.backend_test.TestAuth" name="test_me_no_token" time="0.048" /><testcase classname="backend.tests.backend_test.TestGames" name="test_vip_locked_anonymous" time="0.052" /><testcase classname="backend.tests.backend_test.TestGames" name="test_vip_unlocked_admin" time="0.343" /><testcase classname="backend.tests.backend_test.TestGames" name="test_premium_visible" time="0.059" /><testcase classname="backend.tests.backend_test.TestGames" name="test_fixed_odds_visible" time="0.052" /><testcase classname="backend.tests.backend_test.TestGames" name="test_results" time="0.056" /><testcase classname="backend.tests.backend_test.TestAdminGames" name="test_create_game_requires_admin" time="0.054" /><testcase classname="backend.tests.backend_test.TestAdminGames" name="test_create_game_admin" time="0.097" /><testcase classname="backend.tests.backend_test.TestAdminGames" name="test_update_game" time="0.054" /><testcase classname="backend.tests.backend_test.TestAdminGames" name="test_delete_game" time="0.110" /><testcase classname="backend.tests.backend_test.TestAdminMisc" name="test_users_admin_only" time="0.107" /><testcase classname="backend.tests.backend_test.TestAdminMisc" name="test_stats" time="0.053" /><testcase classname="backend.tests.backend_test.TestContact" name="test_submit_contact" time="0.107" /><testcase classname="backend.tests.backend_test.TestPayment" name="test_initialize_returns_503_placeholder" time="0.063" /><testcase classname="backend.tests.backend_test.TestPayment" name="test_initialize_unauthenticated" time="0.073" /></testsuite></testsuites>